<?xml version="1.0" encoding="UTF-8"?>
<testng-results skipped="0" failed="0" total="1" passed="1">
  <reporter-output>
  </reporter-output>
  <suite name="Suite" duration-ms="23695" started-at="2015-08-26T08:29:17Z" finished-at="2015-08-26T08:29:41Z">
    <groups>
    </groups>
    <test name="Test" duration-ms="23695" started-at="2015-08-26T08:29:17Z" finished-at="2015-08-26T08:29:41Z">
      <class name="com.membertest.TestLogin1">
        <test-method status="PASS" signature="setUp(java.lang.String)[pri:0, instance:com.membertest.TestLogin1@35bbe5e8]" name="setUp" is-config="true" duration-ms="8449" started-at="2015-08-26T15:29:17Z" finished-at="2015-08-26T15:29:26Z">
          <params>
            <param index="0">
              <value>
                <![CDATA[chrome]]>
              </value>
            </param>
          </params>
          <reporter-output>
          </reporter-output>
        </test-method> <!-- setUp -->
        <test-method status="PASS" signature="login_test()[pri:0, instance:com.membertest.TestLogin1@35bbe5e8]" name="login_test" duration-ms="15209" started-at="2015-08-26T15:29:26Z" finished-at="2015-08-26T15:29:41Z">
          <reporter-output>
          </reporter-output>
        </test-method> <!-- login_test -->
      </class> <!-- com.membertest.TestLogin1 -->
    </test> <!-- Test -->
  </suite> <!-- Suite -->
</testng-results>
